2000.11.09 19:34 B D:\My Files 2000.10.09\Test\01\image\animain.jpg --> ftp.dreamwiz.com /image animain.jpg
2000.11.09 19:34 B D:\My Files 2000.10.09\Test\01\image\mainback.jpg --> ftp.dreamwiz.com /image mainback.jpg
2000.11.09 19:34 B D:\My Files 2000.10.09\Test\01\image\mainman2.GIF --> ftp.dreamwiz.com /image mainman2.GIF
2000.11.09 19:34 B D:\My Files 2000.10.09\Test\01\image\mainman3.GIF --> ftp.dreamwiz.com /image mainman3.GIF
2000.11.09 19:34 B D:\My Files 2000.10.09\Test\01\image\mainmans.GIF --> ftp.dreamwiz.com /image mainmans.GIF
2000.11.09 19:34 B D:\My Files 2000.10.09\Test\01\image\yeah.asx --> ftp.dreamwiz.com /image yeah.asx
2001.01.13 00:18 B D:\My Files 2000.10.09\Test\01\image\animain.jpg --> ftp.dreamwiz.com /image animain.jpg
2001.01.13 00:18 B D:\My Files 2000.10.09\Test\01\image\as.gif --> ftp.dreamwiz.com /image as.gif
2001.01.13 00:18 B D:\My Files 2000.10.09\Test\01\image\back.gif --> ftp.dreamwiz.com /image back.gif
2001.01.13 00:18 B D:\My Files 2000.10.09\Test\01\image\back2.gif --> ftp.dreamwiz.com /image back2.gif
2001.01.13 00:18 B D:\My Files 2000.10.09\Test\01\image\camera1.gif --> ftp.dreamwiz.com /image camera1.gif
2001.01.13 00:18 B D:\My Files 2000.10.09\Test\01\image\camera2.gif --> ftp.dreamwiz.com /image camera2.gif
2001.01.13 00:18 B D:\My Files 2000.10.09\Test\01\image\danmoo.jpg --> ftp.dreamwiz.com /image danmoo.jpg
2001.01.13 00:18 B D:\My Files 2000.10.09\Test\01\image\forward.gif --> ftp.dreamwiz.com /image forward.gif
2001.01.13 00:18 B D:\My Files 2000.10.09\Test\01\image\forward2.gif --> ftp.dreamwiz.com /image forward2.gif
2001.01.13 00:18 B D:\My Files 2000.10.09\Test\01\image\ihoida.jpg --> ftp.dreamwiz.com /image ihoida.jpg
2001.01.13 00:18 B D:\My Files 2000.10.09\Test\01\image\mainback.jpg --> ftp.dreamwiz.com /image mainback.jpg
2001.01.13 00:18 B D:\My Files 2000.10.09\Test\01\image\mainmans.gif --> ftp.dreamwiz.com /image mainmans.gif
2001.01.13 00:18 B D:\My Files 2000.10.09\Test\01\image\mine.gif --> ftp.dreamwiz.com /image mine.gif
2001.01.13 00:18 B D:\My Files 2000.10.09\Test\01\image\rolldown.gif --> ftp.dreamwiz.com /image rolldown.gif
2001.01.13 00:18 B D:\My Files 2000.10.09\Test\01\image\rolltop.gif --> ftp.dreamwiz.com /image rolltop.gif
2001.01.13 00:18 B D:\My Files 2000.10.09\Test\01\image\sdanmoo.jpg --> ftp.dreamwiz.com /image sdanmoo.jpg
2001.01.13 00:18 B D:\My Files 2000.10.09\Test\01\image\sihoida.jpg --> ftp.dreamwiz.com /image sihoida.jpg
2001.01.13 00:18 B D:\My Files 2000.10.09\Test\01\image\sing01.gif --> ftp.dreamwiz.com /image sing01.gif
2001.01.13 00:18 B D:\My Files 2000.10.09\Test\01\image\stillbar.jpg --> ftp.dreamwiz.com /image stillbar.jpg
2001.01.13 00:18 B D:\My Files 2000.10.09\Test\01\image\WS_FTP.LOG --> ftp.dreamwiz.com /image WS_FTP.LOG
2001.01.13 00:18 B D:\My Files 2000.10.09\Test\01\image\yeah.asx --> ftp.dreamwiz.com /image yeah.asx
2001.01.13 00:18 B D:\My Files 2000.10.09\Test\01\image\yeah1.gif --> ftp.dreamwiz.com /image yeah1.gif
2001.01.13 00:18 B D:\My Files 2000.10.09\Test\01\image\yeah1b.jpg --> ftp.dreamwiz.com /image yeah1b.jpg
2001.01.13 00:18 B D:\My Files 2000.10.09\Test\01\image\yeah2b.jpg --> ftp.dreamwiz.com /image yeah2b.jpg
2001.01.13 00:18 B D:\My Files 2000.10.09\Test\01\image\yeah3b.jpg --> ftp.dreamwiz.com /image yeah3b.jpg
2001.01.13 00:18 B D:\My Files 2000.10.09\Test\01\image\yeah4b.jpg --> ftp.dreamwiz.com /image yeah4b.jpg
2001.01.13 00:18 B D:\My Files 2000.10.09\Test\01\image\yeahposter.jpg --> ftp.dreamwiz.com /image yeahposter.jpg
2001.01.13 00:18 B D:\My Files 2000.10.09\Test\01\image\yeahtitle.gif --> ftp.dreamwiz.com /image yeahtitle.gif
2001.02.10 18:44 B D:\My Files 2000.10.09\Test\01\image\back.gif --> ftp.dreamwiz.com /image back.gif
2001.02.10 18:44 B D:\My Files 2000.10.09\Test\01\image\back2.gif --> ftp.dreamwiz.com /image back2.gif
2001.02.10 18:44 B D:\My Files 2000.10.09\Test\01\image\butami01.jpg --> ftp.dreamwiz.com /image butami01.jpg
2001.02.10 18:44 B D:\My Files 2000.10.09\Test\01\image\butami02.jpg --> ftp.dreamwiz.com /image butami02.jpg
2001.02.10 18:44 B D:\My Files 2000.10.09\Test\01\image\butani01.jpg --> ftp.dreamwiz.com /image butani01.jpg
2001.02.10 18:44 B D:\My Files 2000.10.09\Test\01\image\butani02.jpg --> ftp.dreamwiz.com /image butani02.jpg
2001.02.10 18:44 B D:\My Files 2000.10.09\Test\01\image\butbang01.jpg --> ftp.dreamwiz.com /image butbang01.jpg
2001.02.10 18:44 B D:\My Files 2000.10.09\Test\01\image\butbang02.jpg --> ftp.dreamwiz.com /image butbang02.jpg
2001.02.10 18:44 B D:\My Files 2000.10.09\Test\01\image\butcara01.jpg --> ftp.dreamwiz.com /image butcara01.jpg
2001.02.10 18:44 B D:\My Files 2000.10.09\Test\01\image\butcara02.jpg --> ftp.dreamwiz.com /image butcara02.jpg
2001.02.10 18:44 B D:\My Files 2000.10.09\Test\01\image\butcom01.jpg --> ftp.dreamwiz.com /image butcom01.jpg
2001.02.10 18:44 B D:\My Files 2000.10.09\Test\01\image\butcom02.jpg --> ftp.dreamwiz.com /image butcom02.jpg
2001.02.10 18:44 B D:\My Files 2000.10.09\Test\01\image\butetc01.jpg --> ftp.dreamwiz.com /image butetc01.jpg
2001.02.10 18:44 B D:\My Files 2000.10.09\Test\01\image\butetc02.jpg --> ftp.dreamwiz.com /image butetc02.jpg
2001.02.10 18:44 B D:\My Files 2000.10.09\Test\01\image\butgae01.jpg --> ftp.dreamwiz.com /image butgae01.jpg
2001.02.10 18:44 B D:\My Files 2000.10.09\Test\01\image\butgae02.jpg --> ftp.dreamwiz.com /image butgae02.jpg
2001.02.10 18:44 B D:\My Files 2000.10.09\Test\01\image\butgal01.jpg --> ftp.dreamwiz.com /image butgal01.jpg
2001.02.10 18:44 B D:\My Files 2000.10.09\Test\01\image\butgal02.jpg --> ftp.dreamwiz.com /image butgal02.jpg
2001.02.10 18:44 B D:\My Files 2000.10.09\Test\01\image\buthome01.jpg --> ftp.dreamwiz.com /image buthome01.jpg
2001.02.10 18:44 B D:\My Files 2000.10.09\Test\01\image\buthome02.jpg --> ftp.dreamwiz.com /image buthome02.jpg
2001.02.10 18:44 B D:\My Files 2000.10.09\Test\01\image\butlink01.jpg --> ftp.dreamwiz.com /image butlink01.jpg
2001.02.10 18:44 B D:\My Files 2000.10.09\Test\01\image\butlink02.jpg --> ftp.dreamwiz.com /image butlink02.jpg
2001.02.10 18:44 B D:\My Files 2000.10.09\Test\01\image\camera1.gif --> ftp.dreamwiz.com /image camera1.gif
2001.02.10 18:44 B D:\My Files 2000.10.09\Test\01\image\camera2.gif --> ftp.dreamwiz.com /image camera2.gif
2001.02.10 18:44 B D:\My Files 2000.10.09\Test\01\image\charas.jpg --> ftp.dreamwiz.com /image charas.jpg
2001.02.10 18:44 B D:\My Files 2000.10.09\Test\01\image\charass.jpg --> ftp.dreamwiz.com /image charass.jpg
2001.02.10 18:44 B D:\My Files 2000.10.09\Test\01\image\fantasy.gif --> ftp.dreamwiz.com /image fantasy.gif
2001.02.10 18:44 B D:\My Files 2000.10.09\Test\01\image\forward.gif --> ftp.dreamwiz.com /image forward.gif
2001.02.10 18:44 B D:\My Files 2000.10.09\Test\01\image\forward2.gif --> ftp.dreamwiz.com /image forward2.gif
2001.02.10 18:44 B D:\My Files 2000.10.09\Test\01\image\mine.gif --> ftp.dreamwiz.com /image mine.gif
2001.02.10 18:44 B D:\My Files 2000.10.09\Test\01\image\panda01.gif --> ftp.dreamwiz.com /image panda01.gif
2001.02.10 18:44 B D:\My Files 2000.10.09\Test\01\image\piano.gif --> ftp.dreamwiz.com /image piano.gif
2001.02.10 18:44 B D:\My Files 2000.10.09\Test\01\image\pirateb02.gif --> ftp.dreamwiz.com /image pirateb02.gif
2001.02.10 18:44 B D:\My Files 2000.10.09\Test\01\image\roboch00.gif --> ftp.dreamwiz.com /image roboch00.gif
2001.02.10 18:44 B D:\My Files 2000.10.09\Test\01\image\scrolldown.gif --> ftp.dreamwiz.com /image scrolldown.gif
2001.02.10 18:44 B D:\My Files 2000.10.09\Test\01\image\scrollup.gif --> ftp.dreamwiz.com /image scrollup.gif
2001.02.10 18:44 B D:\My Files 2000.10.09\Test\01\image\sing01.gif --> ftp.dreamwiz.com /image sing01.gif
2001.02.10 18:44 B D:\My Files 2000.10.09\Test\01\image\stillbar.jpg --> ftp.dreamwiz.com /image stillbar.jpg
2001.02.10 18:44 B D:\My Files 2000.10.09\Test\01\image\winds2.ico --> ftp.dreamwiz.com /image winds2.ico
2001.02.10 18:44 B D:\My Files 2000.10.09\Test\01\image\winds3.ico --> ftp.dreamwiz.com /image winds3.ico
